$ mms

MCR $8$dka100:[vms$common.perl5_8_6]perl.exe -I[.blib.lib] -I[.blib.arch] "-MExtUtils::Command::MM" "-e" "test_harness(0, '[.blib.lib]', '[.blib.arch]')" t/*.t t/compat/*.t
t/000-load......................
# Testing Test::Harness 2.99_07, Perl 5.008006, $8$dka100:[vms$common.perl5_8_6]perl.exe;1

ok
t/aggregator....................

ok
t/bailout.......................

ok
t/base..........................

ok
t/callbacks.....................

ok
t/compat/failure................

Test output counter mismatch [test 4]

%NONAME-F-NOMSG, Message number 00000004

Test output counter mismatch [test 5]
Test output counter mismatch [test 6]
Test output counter mismatch [test 7]

Don't know which tests failed: got 7 ok, expected 6
t/compat/inc-propagation........
printf() on closed filehandle TEST at t/compat/inc-propagation.t line 56.
printf() on closed filehandle TEST at t/compat/inc-propagation.t line 60.

Cannot determine source for inc_check_taint.t.tmp at /USER3/HEXTEN/TEST-HARNESS-2_99_07/blib/lib/Test/Harness.pm line 290
# Looks like your test died before it could output anything.

%SYSTEM-F-ABORT, abort

dubious
	Test returned status 44 (wstat 1024, 0x400)
		(VMS status is 44)
DIED. FAILED tests 1-2
	Failed 2/2 tests, 0.00% okay
t/compat/inc_taint..............

Don't know which tests failed: got 2 ok, expected 1
t/compat/nonumbers..............

ok
t/compat/test-harness-compat....
Test output counter mismatch [test 3]
Test output counter mismatch [test 4]
Test output counter mismatch [test 5]
Test output counter mismatch [test 6]
Test output counter mismatch [test 7]
Test output counter mismatch [test 8]
Test output counter mismatch [test 9]
Test output counter mismatch [test 10]
Test output counter mismatch [test 11]
Test output counter mismatch [test 12]
Test output counter mismatch [test 13]
Test output counter mismatch [test 14]
Test output counter mismatch [test 15]
Test output counter mismatch [test 16]
Test output counter mismatch [test 17]
Test output counter mismatch [test 18]
Test output counter mismatch [test 19]
Test output counter mismatch [test 20]

#   Failed test 'failure summary matches for descriptive,die,die_head_end,die_last_minute,duplicates,head_end,head_fail,inc_taint,junk_before_plan,lone_not_bug,no_nums,no_output,schw
ern,sequence_misparse,shbang_misparse,simple,simple_fail,skip,skip_nomsg,skipall,skipall_nomsg,stdout_stderr,switches,taint,todo_inline,todo_misparse,too_many,vms_nit'
Test output counter mismatch [test 21]
#   at t/compat/test-harness-compat.t line 819.
#     Structures begin differing at:
#          $got->{[.t.sample-tests]die}{wstat} = '1024'
#     $expected->{[.t.sample-tests]die}{wstat} = '256'
Test output counter mismatch [test 22]
Test output counter mismatch [test 23]
Test output counter mismatch [test 24]

Test output counter mismatch [test 25]
#   Failed test 'failure summary matches for die'
#   at t/compat/test-harness-compat.t line 819.
#     Structures begin differing at:
#          $got->{[.t.sample-tests]die}{wstat} = '1024'
#     $expected->{[.t.sample-tests]die}{wstat} = '256'
Test output counter mismatch [test 26]
Test output counter mismatch [test 27]
Test output counter mismatch [test 28]

Test output counter mismatch [test 29]
#   Failed test 'failure summary matches for die_head_end'
#   at t/compat/test-harness-compat.t line 819.
#     Structures begin differing at:
#          $got->{[.t.sample-tests]die_head_end}{wstat} = '1024'
#     $expected->{[.t.sample-tests]die_head_end}{wstat} = '256'
Test output counter mismatch [test 30]
Test output counter mismatch [test 31]
Test output counter mismatch [test 32]

Test output counter mismatch [test 33]
#   Failed test 'failure summary matches for die_last_minute'
#   at t/compat/test-harness-compat.t line 819.
#     Structures begin differing at:
#          $got->{[.t.sample-tests]die_last_minute}{wstat} = '1024'
#     $expected->{[.t.sample-tests]die_last_minute}{wstat} = '256'
Test output counter mismatch [test 34]
Test output counter mismatch [test 35]
Test output counter mismatch [test 36]
Test output counter mismatch [test 37]
Test output counter mismatch [test 38]
Test output counter mismatch [test 39]
Test output counter mismatch [test 40]
Test output counter mismatch [test 41]
Test output counter mismatch [test 42]
Test output counter mismatch [test 43]
Test output counter mismatch [test 44]
Test output counter mismatch [test 45]
Test output counter mismatch [test 46]
Test output counter mismatch [test 47]
Test output counter mismatch [test 48]
Test output counter mismatch [test 49]

Test output counter mismatch [test 50]
#   Failed test 'failure summary matches for inc_taint'
#   at t/compat/test-harness-compat.t line 819.
#     Structures begin differing at:
#          $got->{[.t.sample-tests]inc_taint}{wstat} = '1024'
#     $expected->{[.t.sample-tests]inc_taint}{wstat} = '256'
Test output counter mismatch [test 51]
Test output counter mismatch [test 52]
Test output counter mismatch [test 53]
Test output counter mismatch [test 54]
Test output counter mismatch [test 55]
Test output counter mismatch [test 56]
Test output counter mismatch [test 57]
Test output counter mismatch [test 58]
Test output counter mismatch [test 59]
Test output counter mismatch [test 60]
Test output counter mismatch [test 61]
Test output counter mismatch [test 62]
Test output counter mismatch [test 63]
Test output counter mismatch [test 64]
Test output counter mismatch [test 65]
Test output counter mismatch [test 66]
Test output counter mismatch [test 67]
Test output counter mismatch [test 68]
Test output counter mismatch [test 69]
Test output counter mismatch [test 70]
Test output counter mismatch [test 71]
Test output counter mismatch [test 72]
Test output counter mismatch [test 73]
Test output counter mismatch [test 74]
Test output counter mismatch [test 75]
Test output counter mismatch [test 76]
Test output counter mismatch [test 77]
Test output counter mismatch [test 78]
Test output counter mismatch [test 79]
Test output counter mismatch [test 80]
Test output counter mismatch [test 81]
Test output counter mismatch [test 82]
Test output counter mismatch [test 83]
Test output counter mismatch [test 84]
Test output counter mismatch [test 85]
Test output counter mismatch [test 86]
Test output counter mismatch [test 87]
Test output counter mismatch [test 88]
Test output counter mismatch [test 89]
Test output counter mismatch [test 90]
Test output counter mismatch [test 91]
Test output counter mismatch [test 92]
Test output counter mismatch [test 93]
Test output counter mismatch [test 94]
Test output counter mismatch [test 95]
Test output counter mismatch [test 96]
Test output counter mismatch [test 97]
Test output counter mismatch [test 98]
Test output counter mismatch [test 99]
Test output counter mismatch [test 100]
Test output counter mismatch [test 101]
Test output counter mismatch [test 102]
Test output counter mismatch [test 103]
Test output counter mismatch [test 104]
Test output counter mismatch [test 105]
Test output counter mismatch [test 106]
Test output counter mismatch [test 107]
Test output counter mismatch [test 108]
Test output counter mismatch [test 109]
Test output counter mismatch [test 110]
Test output counter mismatch [test 111]
Test output counter mismatch [test 112]
Test output counter mismatch [test 113]
Test output counter mismatch [test 114]
Test output counter mismatch [test 115]
Test output counter mismatch [test 116]
Test output counter mismatch [test 117]
Test output counter mismatch [test 118]
Test output counter mismatch [test 119]
Test output counter mismatch [test 120]
Test output counter mismatch [test 121]
Test output counter mismatch [test 122]
Test output counter mismatch [test 123]
Test output counter mismatch [test 124]
Test output counter mismatch [test 125]
Test output counter mismatch [test 126]
Test output counter mismatch [test 127]
Test output counter mismatch [test 128]
Test output counter mismatch [test 129]
Test output counter mismatch [test 130]
Test output counter mismatch [test 131]
Test output counter mismatch [test 132]
Test output counter mismatch [test 133]
Test output counter mismatch [test 134]
Test output counter mismatch [test 135]
Test output counter mismatch [test 136]
Test output counter mismatch [test 137]
Test output counter mismatch [test 138]
Test output counter mismatch [test 139]
Test output counter mismatch [test 140]
Test output counter mismatch [test 141]
Test output counter mismatch [test 142]
Test output counter mismatch [test 143]
Test output counter mismatch [test 144]
Test output counter mismatch [test 145]
Test output counter mismatch [test 146]
Test output counter mismatch [test 147]
# Looks like you failed 5 tests of 120.

%SYSTEM-F-ABORT, abort

dubious
	Test returned status 44 (wstat 1024, 0x400)
		(VMS status is 44)
DIED. FAILED tests 7, 11, 15, 19, 35
	Failed 5/120 tests, 95.83% okay
t/compat/version................

ok
t/console.......................

ok
t/errors........................

ok
t/grammar.......................

ok
t/harness.......................

ok
t/iterators.....................

ok
        19/76 skipped: No open3
t/multiplexer...................
Can't use an undefined value as an ARRAY reference at /USER3/HEXTEN/TEST-HARNESS-2_99_07/blib/lib/TAP/Parser/Multiplexer.pm line 134.
# Looks like your test died just after 15.

%SYSTEM-F-ABORT, abort

dubious
	Test returned status 44 (wstat 1024, 0x400)
		(VMS status is 44)
	after all the subtests completed successfully
t/nofork-mux....................
Can't use an undefined value as an ARRAY reference at /USER3/HEXTEN/TEST-HARNESS-2_99_07/blib/lib/TAP/Parser/Multiplexer.pm line 134.
Compilation failed in require at t/nofork-mux.t line 7.
# Looks like your test died just after 15.

%SYSTEM-F-ABORT, abort

dubious
	Test returned status 44 (wstat 1024, 0x400)
		(VMS status is 44)
	after all the subtests completed successfully
t/nofork........................

skipped
        all skipped: your system already has no fork
t/parse.........................

ok
t/premature-bailout.............

ok
t/prove.........................

ok
t/proverun......................

ok
t/regression....................

#   Failed test '... and exit should equal 1 (die)'
#   at t/regression.t line 2896.
#          got: '4'
#     expected: '1'

#   Failed test '... and exit should equal 1 (die_head_end)'
#   at t/regression.t line 2896.
#          got: '4'
#     expected: '1'

#   Failed test '... and exit should equal 1 (die_last_minute)'
#   at t/regression.t line 2896.
#          got: '4'
#     expected: '1'

# Looks like you failed 3 tests of 3118.

%SYSTEM-F-ABORT, abort

dubious
	Test returned status 44 (wstat 1024, 0x400)
		(VMS status is 44)
DIED. FAILED tests 726, 803, 887
	Failed 3/3118 tests, 99.90% okay
t/results.......................

ok
t/source........................

ok
t/spool.........................

ok
t/streams.......................

ok
t/taint.........................

#   Failed test at t/temp_test.tmp line 6.
#          got: 'perl_root:[lib.VMS_IA64.5_8_6]'
#     expected: 'wibble'
# t/lib
# perl_root:[lib.VMS_IA64.5_8_6]
# perl_root:[lib]
# perl_root:[lib.site_perl.VMS_IA64]
# perl_root:[lib.site_perl]
# /perl_root/lib/site_perl
# Looks like you failed 1 test of 1.

%SYSTEM-F-ABORT, abort

#   Failed test at t/taint.t line 25.

#   Failed test at t/temp_test.tmp line 6.
#          got: 'perl_root:[lib.VMS_IA64.5_8_6]'
#     expected: 'wibble'
# t/lib
# perl_root:[lib.VMS_IA64.5_8_6]
# perl_root:[lib]
# perl_root:[lib.site_perl.VMS_IA64]
# perl_root:[lib.site_perl]
# /perl_root/lib/site_perl
# Looks like you failed 1 test of 1.

%SYSTEM-F-ABORT, abort

#   Failed test at t/taint.t line 25.

#   Failed test at t/taint.t line 25.
# Looks like you failed 3 tests of 3.

%SYSTEM-F-ABORT, abort

dubious
	Test returned status 44 (wstat 1024, 0x400)
		(VMS status is 44)
DIED. FAILED tests 1-3
	Failed 3/3 tests, 0.00% okay
t/unicode.......................

ok
t/yamlish-output................

ok
t/yamlish-writer................

ok
t/yamlish.......................

ok
Failed Test                    Stat Wstat Total Fail  Failed  List of Failed
-------------------------------------------------------------------------------
t/compat/failure.t                            6   ??       %  ??
t/compat/inc-propagation.t       44  1024     2    4 200.00%  1-2
t/compat/inc_taint.t                          1   ??       %  ??
t/compat/test-harness-compat.t   44  1024   120    5   4.17%  7 11 15 19 35
t/multiplexer.t                  44  1024    15    0   0.00%  ??
t/nofork-mux.t                   44  1024    15    0   0.00%  ??
t/regression.t                   44  1024  3118    3   0.10%  726 803 887
t/taint.t                        44  1024     3    3 100.00%  1-3
1 test and 19 subtests skipped.
Failed 8/33 test scripts, 75.76% okay. -16/6225 subtests failed, 100.26% okay.
%SYSTEM-F-ABORT, abort
%MMS-F-ABORT, For target test_dynamic, CLI returned abort status: %X0000002C.
-SYSTEM-F-ABORT, abort
$ 
